GROUP,PACKAGE,CLASS,INSTRUCTION_MISSED,INSTRUCTION_COVERED,BRANCH_MISSED,BRANCH_COVERED,LINE_MISSED,LINE_COVERED,COMPLEXITY_MISSED,COMPLEXITY_COVERED,METHOD_MISSED,METHOD_COVERED
TP_test,org.example.project.TP1,Livre,28,183,11,25,4,48,12,23,1,16
TP_test,org.example.project.TP1.Ex2,Bibliotheque,7,89,5,9,5,19,5,9,0,7
TP_test,org.example.project.TP1.Ex2,Main,45,0,2,0,11,0,3,0,2,0
TP_test,org.example.project.TP1.Ex1,ExchangeRate,0,51,0,4,0,15,0,7,0,5
TP_test,org.example.project.TP1.Ex1,Main,3,59,0,0,1,19,1,1,1,1
TP_test,org.example.project.TP1.Ex1,CurrencyConverter,0,36,0,4,0,9,0,5,0,3
